<?xml version="1.0" encoding="UTF-8"?>
<testng-results ignored="10" total="12" passed="2" failed="0" skipped="0">
  <reporter-output>
  </reporter-output>
  <suite started-at="2022-05-29T13:35:53 IST" name="Suite" finished-at="2022-05-29T13:36:30 IST" duration-ms="37302">
    <groups>
    </groups>
    <test started-at="2022-05-29T13:35:53 IST" name="ChromeTest" finished-at="2022-05-29T13:36:12 IST" duration-ms="19034">
      <class name="testclasses.Verifyactiveheaderstng">
        <test-method is-config="true" signature="lanchBrowser(java.lang.String)[pri:0, instance:testclasses.Verifyactiveheaderstng@6a400542]" started-at="2022-05-29T13:35:53 IST" name="lanchBrowser" finished-at="2022-05-29T13:35:56 IST" duration-ms="3577" status="PASS">
          <params>
            <param index="0">
              <value>
                <![CDATA[Chrome]]>
              </value>
            </param>
          </params>
          <reporter-output>
          </reporter-output>
        </test-method> <!-- lanchBrowser -->
        <test-method is-config="true" signature="createPomObjects()[pri:0, instance:testclasses.Verifyactiveheaderstng@6a400542]" started-at="2022-05-29T13:35:56 IST" name="createPomObjects" finished-at="2022-05-29T13:35:57 IST" duration-ms="401" status="PASS">
          <reporter-output>
          </reporter-output>
        </test-method> <!-- createPomObjects -->
        <test-method is-config="true" signature="openhompage()[pri:0, instance:testclasses.Verifyactiveheaderstng@6a400542]" started-at="2022-05-29T13:35:57 IST" name="openhompage" finished-at="2022-05-29T13:36:01 IST" duration-ms="4128" status="PASS">
          <reporter-output>
          </reporter-output>
        </test-method> <!-- openhompage -->
        <test-method signature="verifymobtab()[pri:0, instance:testclasses.Verifyactiveheaderstng@6a400542]" started-at="2022-05-29T13:36:01 IST" name="verifymobtab" finished-at="2022-05-29T13:36:12 IST" duration-ms="10743" status="PASS">
          <reporter-output>
          </reporter-output>
        </test-method> <!-- verifymobtab -->
        <test-method is-config="true" signature="checkit(org.testng.ITestResult)[pri:0, instance:testclasses.Verifyactiveheaderstng@6a400542]" started-at="2022-05-29T13:36:12 IST" name="checkit" finished-at="2022-05-29T13:36:12 IST" duration-ms="3" status="PASS">
          <params>
            <param index="0">
              <value>
                <![CDATA[[TestResult name=verifymobtab status=SUCCESS method=Verifyactiveheaderstng.verifymobtab()[pri:0, instance:testclasses.Verifyactiveheaderstng@6a400542] output={null}]]]>
              </value>
            </param>
          </params>
          <reporter-output>
          </reporter-output>
        </test-method> <!-- checkit -->
        <test-method is-config="true" signature="close()[pri:0, instance:testclasses.Verifyactiveheaderstng@6a400542]" started-at="2022-05-29T13:36:12 IST" name="close" finished-at="2022-05-29T13:36:12 IST" duration-ms="39" status="PASS">
          <reporter-output>
          </reporter-output>
        </test-method> <!-- close -->
      </class> <!-- testclasses.Verifyactiveheaderstng -->
    </test> <!-- ChromeTest -->
    <test started-at="2022-05-29T13:36:12 IST" name="FireFoxTest" finished-at="2022-05-29T13:36:30 IST" duration-ms="18094">
      <class name="testclasses.Verifyactiveheaderstng">
        <test-method is-config="true" signature="lanchBrowser(java.lang.String)[pri:0, instance:testclasses.Verifyactiveheaderstng@1afd44cb]" started-at="2022-05-29T13:36:12 IST" name="lanchBrowser" finished-at="2022-05-29T13:36:18 IST" duration-ms="5465" status="PASS">
          <params>
            <param index="0">
              <value>
                <![CDATA[FireFox]]>
              </value>
            </param>
          </params>
          <reporter-output>
          </reporter-output>
        </test-method> <!-- lanchBrowser -->
        <test-method is-config="true" signature="createPomObjects()[pri:0, instance:testclasses.Verifyactiveheaderstng@1afd44cb]" started-at="2022-05-29T13:36:18 IST" name="createPomObjects" finished-at="2022-05-29T13:36:18 IST" duration-ms="2" status="PASS">
          <reporter-output>
          </reporter-output>
        </test-method> <!-- createPomObjects -->
        <test-method is-config="true" signature="openhompage()[pri:0, instance:testclasses.Verifyactiveheaderstng@1afd44cb]" started-at="2022-05-29T13:36:18 IST" name="openhompage" finished-at="2022-05-29T13:36:22 IST" duration-ms="4417" status="PASS">
          <reporter-output>
          </reporter-output>
        </test-method> <!-- openhompage -->
        <test-method signature="verifymobtab()[pri:0, instance:testclasses.Verifyactiveheaderstng@1afd44cb]" started-at="2022-05-29T13:36:22 IST" name="verifymobtab" finished-at="2022-05-29T13:36:30 IST" duration-ms="8175" status="PASS">
          <reporter-output>
          </reporter-output>
        </test-method> <!-- verifymobtab -->
        <test-method is-config="true" signature="close()[pri:0, instance:testclasses.Verifyactiveheaderstng@1afd44cb]" started-at="2022-05-29T13:36:30 IST" name="close" finished-at="2022-05-29T13:36:30 IST" duration-ms="30" status="PASS">
          <reporter-output>
          </reporter-output>
        </test-method> <!-- close -->
        <test-method is-config="true" signature="checkit(org.testng.ITestResult)[pri:0, instance:testclasses.Verifyactiveheaderstng@1afd44cb]" started-at="2022-05-29T13:36:30 IST" name="checkit" finished-at="2022-05-29T13:36:30 IST" duration-ms="0" status="PASS">
          <params>
            <param index="0">
              <value>
                <![CDATA[[TestResult name=verifymobtab status=SUCCESS method=Verifyactiveheaderstng.verifymobtab()[pri:0, instance:testclasses.Verifyactiveheaderstng@1afd44cb] output={null}]]]>
              </value>
            </param>
          </params>
          <reporter-output>
          </reporter-output>
        </test-method> <!-- checkit -->
      </class> <!-- testclasses.Verifyactiveheaderstng -->
    </test> <!-- FireFoxTest -->
  </suite> <!-- Suite -->
</testng-results>
