<?xml version="1.0" encoding="UTF-8"?>
<!-- Generated by org.testng.reporters.JUnitXMLReporter -->
<testsuite ignored="5" hostname="DESKTOP-UMSHTSG" failures="0" tests="1" name="ChromeTest" time="19.034" errors="0" timestamp="2022-05-29T13:36:12 IST">
  <testcase classname="testclasses.Verifyactiveheaderstng" name="verifymobtab" time="10.743"/>
  <testcase classname="testclasses.Verifyactiveheaderstng" name="alllist" time="0.0">
    <ignored/>
  </testcase> <!-- alllist -->
  <testcase classname="testclasses.Verifyactiveheaderstng" name="clickall1" time="0.0">
    <ignored/>
  </testcase> <!-- clickall1 -->
  <testcase classname="testclasses.Verifyactiveheaderstng" name="realopen" time="0.0">
    <ignored/>
  </testcase> <!-- realopen -->
  <testcase classname="testclasses.Verifyactiveheaderstng" name="ss" time="0.0">
    <ignored/>
  </testcase> <!-- ss -->
  <testcase classname="testclasses.Verifyactiveheaderstng" name="verifycustomerservicetab" time="0.0">
    <ignored/>
  </testcase> <!-- verifycustomerservicetab -->
</testsuite> <!-- ChromeTest -->
