<?xml version="1.0" encoding="UTF-8"?>
<!-- Generated by org.testng.reporters.JUnitXMLReporter -->
<testsuite ignored="0" hostname="DESKTOP-UMSHTSG" failures="0" tests="8" name="Test" time="0.151" errors="0" timestamp="2022-05-24T09:23:48 IST">
  <testcase classname="testclasses.Demosuit1" name="testA" time="0.011"/>
  <testcase classname="testclasses.Demosuit1" name="testq" time="0.003"/>
  <testcase classname="testclasses.Demosuit1" name="testV" time="0.003"/>
  <testcase classname="testclasses.Demosuit1" name="testM" time="0.003"/>
  <testcase classname="testclasses.Demosuit2" name="testA" time="0.008"/>
  <testcase classname="testclasses.Demosuit2" name="testq" time="0.006"/>
  <testcase classname="testclasses.Demosuit2" name="testV" time="0.002"/>
  <testcase classname="testclasses.Demosuit2" name="testM" time="0.005"/>
</testsuite> <!-- Test -->
